  Aladdin.cpp
  c:\program files (x86)\microsoft directx sdk (june 2010)\include\dinput.h: DIRECTINPUT_VERSION undefined. Defaulting to version 0x0800
c:\users\haiapple.com\desktop\menu\gamealaddincplusplus\aladdigamec\aladdigamec\aladdin.cpp(151): warning C4244: '=': conversion from 'FLOAT' to 'LONG', possible loss of data
c:\users\haiapple.com\desktop\menu\gamealaddincplusplus\aladdigamec\aladdigamec\aladdin.cpp(152): warning C4244: '=': conversion from 'float' to 'LONG', possible loss of data
c:\users\haiapple.com\desktop\menu\gamealaddincplusplus\aladdigamec\aladdigamec\aladdin.cpp(156): warning C4244: '=': conversion from 'FLOAT' to 'LONG', possible loss of data
c:\users\haiapple.com\desktop\menu\gamealaddincplusplus\aladdigamec\aladdigamec\aladdin.cpp(157): warning C4244: '=': conversion from 'float' to 'LONG', possible loss of data
c:\users\haiapple.com\desktop\menu\gamealaddincplusplus\aladdigamec\aladdigamec\aladdin.cpp(160): warning C4244: '=': conversion from 'FLOAT' to 'LONG', possible loss of data
c:\users\haiapple.com\desktop\menu\gamealaddincplusplus\aladdigamec\aladdigamec\aladdin.cpp(161): warning C4244: '=': conversion from 'FLOAT' to 'LONG', possible loss of data
c:\users\haiapple.com\desktop\menu\gamealaddincplusplus\aladdigamec\aladdigamec\aladdin.cpp(342): warning C4305: 'argument': truncation from 'double' to 'FLOAT'
c:\users\haiapple.com\desktop\menu\gamealaddincplusplus\aladdigamec\aladdigamec\aladdin.cpp(346): warning C4305: 'argument': truncation from 'double' to 'FLOAT'
  AladdinAnimation.cpp
  c:\program files (x86)\microsoft directx sdk (june 2010)\include\dinput.h: DIRECTINPUT_VERSION undefined. Defaulting to version 0x0800
  AladinState.cpp
  c:\program files (x86)\microsoft directx sdk (june 2010)\include\dinput.h: DIRECTINPUT_VERSION undefined. Defaulting to version 0x0800
c:\users\haiapple.com\desktop\menu\gamealaddincplusplus\aladdigamec\aladdigamec\aladinstate.cpp(197): warning C4244: '=': conversion from 'FLOAT' to 'int', possible loss of data
c:\users\haiapple.com\desktop\menu\gamealaddincplusplus\aladdigamec\aladdigamec\aladinstate.cpp(472): warning C4305: 'argument': truncation from 'double' to 'float'
c:\users\haiapple.com\desktop\menu\gamealaddincplusplus\aladdigamec\aladdigamec\aladinstate.cpp(475): warning C4305: 'argument': truncation from 'double' to 'float'
c:\users\haiapple.com\desktop\menu\gamealaddincplusplus\aladdigamec\aladdigamec\aladinstate.cpp(500): warning C4305: 'argument': truncation from 'double' to 'float'
c:\users\haiapple.com\desktop\menu\gamealaddincplusplus\aladdigamec\aladdigamec\aladinstate.cpp(503): warning C4305: 'argument': truncation from 'double' to 'float'
  Animation.cpp
  c:\program files (x86)\microsoft directx sdk (june 2010)\include\dinput.h: DIRECTINPUT_VERSION undefined. Defaulting to version 0x0800
c:\users\haiapple.com\desktop\menu\gamealaddincplusplus\aladdigamec\aladdigamec\animation.cpp(21): warning C4244: '=': conversion from 'int' to 'float', possible loss of data
c:\users\haiapple.com\desktop\menu\gamealaddincplusplus\aladdigamec\aladdigamec\animation.cpp(45): warning C4244: '=': conversion from 'int' to 'float', possible loss of data
c:\users\haiapple.com\desktop\menu\gamealaddincplusplus\aladdigamec\aladdigamec\animation.cpp(54): warning C4244: '=': conversion from 'int' to 'float', possible loss of data
c:\users\haiapple.com\desktop\menu\gamealaddincplusplus\aladdigamec\aladdigamec\animation.cpp(83): warning C4244: 'return': conversion from 'float' to 'int', possible loss of data
  Apple.cpp
  c:\program files (x86)\microsoft directx sdk (june 2010)\include\dinput.h: DIRECTINPUT_VERSION undefined. Defaulting to version 0x0800
  AppleThrow.cpp
  c:\program files (x86)\microsoft directx sdk (june 2010)\include\dinput.h: DIRECTINPUT_VERSION undefined. Defaulting to version 0x0800
c:\users\haiapple.com\desktop\menu\gamealaddincplusplus\aladdigamec\aladdigamec\applethrow.cpp(46): warning C4244: 'argument': conversion from 'double' to 'float', possible loss of data
  Arrow.cpp
  c:\program files (x86)\microsoft directx sdk (june 2010)\include\dinput.h: DIRECTINPUT_VERSION undefined. Defaulting to version 0x0800
c:\users\haiapple.com\desktop\menu\gamealaddincplusplus\aladdigamec\aladdigamec\arrow.cpp(70): warning C4244: '=': conversion from 'FLOAT' to 'LONG', possible loss of data
c:\users\haiapple.com\desktop\menu\gamealaddincplusplus\aladdigamec\aladdigamec\arrow.cpp(71): warning C4244: '=': conversion from 'float' to 'LONG', possible loss of data
c:\users\haiapple.com\desktop\menu\gamealaddincplusplus\aladdigamec\aladdigamec\arrow.cpp(72): warning C4244: '=': conversion from 'FLOAT' to 'LONG', possible loss of data
c:\users\haiapple.com\desktop\menu\gamealaddincplusplus\aladdigamec\aladdigamec\arrow.cpp(73): warning C4244: '=': conversion from 'float' to 'LONG', possible loss of data
  Bat.cpp
  c:\program files (x86)\microsoft directx sdk (june 2010)\include\dinput.h: DIRECTINPUT_VERSION undefined. Defaulting to version 0x0800
c:\users\haiapple.com\desktop\menu\gamealaddincplusplus\aladdigamec\aladdigamec\bat.cpp(52): warning C4305: 'argument': truncation from 'double' to 'float'
c:\users\haiapple.com\desktop\menu\gamealaddincplusplus\aladdigamec\aladdigamec\bat.cpp(57): warning C4305: 'argument': truncation from 'double' to 'float'
c:\users\haiapple.com\desktop\menu\gamealaddincplusplus\aladdigamec\aladdigamec\bat.cpp(61): warning C4305: 'argument': truncation from 'double' to 'float'
c:\users\haiapple.com\desktop\menu\gamealaddincplusplus\aladdigamec\aladdigamec\bat.cpp(65): warning C4305: 'argument': truncation from 'double' to 'float'
  BonusLevel.cpp
  c:\program files (x86)\microsoft directx sdk (june 2010)\include\dinput.h: DIRECTINPUT_VERSION undefined. Defaulting to version 0x0800
  Boss.cpp
  c:\program files (x86)\microsoft directx sdk (june 2010)\include\dinput.h: DIRECTINPUT_VERSION undefined. Defaulting to version 0x0800
  Brick.cpp
  c:\program files (x86)\microsoft directx sdk (june 2010)\include\dinput.h: DIRECTINPUT_VERSION undefined. Defaulting to version 0x0800
  Cell.cpp
  c:\program files (x86)\microsoft directx sdk (june 2010)\include\dinput.h: DIRECTINPUT_VERSION undefined. Defaulting to version 0x0800
  Collapse.cpp
  c:\program files (x86)\microsoft directx sdk (june 2010)\include\dinput.h: DIRECTINPUT_VERSION undefined. Defaulting to version 0x0800
c:\users\haiapple.com\desktop\menu\gamealaddincplusplus\aladdigamec\aladdigamec\collapse.cpp(40): warning C4244: 'argument': conversion from 'time_t' to 'unsigned int', possible loss of data
c:\users\haiapple.com\desktop\menu\gamealaddincplusplus\aladdigamec\aladdigamec\collapse.cpp(52): warning C4305: 'argument': truncation from 'double' to 'FLOAT'
c:\users\haiapple.com\desktop\menu\gamealaddincplusplus\aladdigamec\aladdigamec\collapse.cpp(56): warning C4305: 'argument': truncation from 'double' to 'FLOAT'
c:\users\haiapple.com\desktop\menu\gamealaddincplusplus\aladdigamec\aladdigamec\collapse.cpp(60): warning C4305: 'argument': truncation from 'double' to 'FLOAT'
c:\users\haiapple.com\desktop\menu\gamealaddincplusplus\aladdigamec\aladdigamec\collapse.cpp(39): warning C4101: 'r': unreferenced local variable
  Collision.cpp
  c:\program files (x86)\microsoft directx sdk (june 2010)\include\dinput.h: DIRECTINPUT_VERSION undefined. Defaulting to version 0x0800
c:\users\haiapple.com\desktop\menu\gamealaddincplusplus\aladdigamec\aladdigamec\collision.cpp(18): warning C4244: '=': conversion from 'FLOAT' to 'LONG', possible loss of data
c:\users\haiapple.com\desktop\menu\gamealaddincplusplus\aladdigamec\aladdigamec\collision.cpp(20): warning C4244: '=': conversion from 'FLOAT' to 'LONG', possible loss of data
c:\users\haiapple.com\desktop\menu\gamealaddincplusplus\aladdigamec\aladdigamec\collision.cpp(23): warning C4244: '=': conversion from 'FLOAT' to 'LONG', possible loss of data
c:\users\haiapple.com\desktop\menu\gamealaddincplusplus\aladdigamec\aladdigamec\collision.cpp(25): warning C4244: '=': conversion from 'FLOAT' to 'LONG', possible loss of data
c:\users\haiapple.com\desktop\menu\gamealaddincplusplus\aladdigamec\aladdigamec\collision.cpp(64): warning C4244: '=': conversion from 'LONG' to 'float', possible loss of data
c:\users\haiapple.com\desktop\menu\gamealaddincplusplus\aladdigamec\aladdigamec\collision.cpp(65): warning C4244: '=': conversion from 'LONG' to 'float', possible loss of data
c:\users\haiapple.com\desktop\menu\gamealaddincplusplus\aladdigamec\aladdigamec\collision.cpp(69): warning C4244: '=': conversion from 'LONG' to 'float', possible loss of data
c:\users\haiapple.com\desktop\menu\gamealaddincplusplus\aladdigamec\aladdigamec\collision.cpp(70): warning C4244: '=': conversion from 'LONG' to 'float', possible loss of data
c:\users\haiapple.com\desktop\menu\gamealaddincplusplus\aladdigamec\aladdigamec\collision.cpp(75): warning C4244: '=': conversion from 'LONG' to 'float', possible loss of data
c:\users\haiapple.com\desktop\menu\gamealaddincplusplus\aladdigamec\aladdigamec\collision.cpp(76): warning C4244: '=': conversion from 'LONG' to 'float', possible loss of data
c:\users\haiapple.com\desktop\menu\gamealaddincplusplus\aladdigamec\aladdigamec\collision.cpp(80): warning C4244: '=': conversion from 'LONG' to 'float', possible loss of data
c:\users\haiapple.com\desktop\menu\gamealaddincplusplus\aladdigamec\aladdigamec\collision.cpp(81): warning C4244: '=': conversion from 'LONG' to 'float', possible loss of data
  dsutil.cpp
  Fire.cpp
  c:\program files (x86)\microsoft directx sdk (june 2010)\include\dinput.h: DIRECTINPUT_VERSION undefined. Defaulting to version 0x0800
  Game.cpp
  c:\program files (x86)\microsoft directx sdk (june 2010)\include\dinput.h: DIRECTINPUT_VERSION undefined. Defaulting to version 0x0800
c:\users\haiapple.com\desktop\menu\gamealaddincplusplus\aladdigamec\aladdigamec\game.cpp(79): warning C4244: 'argument': conversion from 'const float' to 'int', possible loss of data
c:\users\haiapple.com\desktop\menu\gamealaddincplusplus\aladdigamec\aladdigamec\game.cpp(147): warning C4244: 'argument': conversion from 'float' to 'DWORD', possible loss of data
  Graphic.cpp
c:\users\haiapple.com\desktop\menu\gamealaddincplusplus\aladdigamec\aladdigamec\graphic.cpp(171): warning C4244: 'initializing': conversion from 'double' to 'float', possible loss of data
  Grid.cpp
  c:\program files (x86)\microsoft directx sdk (june 2010)\include\dinput.h: DIRECTINPUT_VERSION undefined. Defaulting to version 0x0800
c:\users\haiapple.com\desktop\menu\gamealaddincplusplus\aladdigamec\aladdigamec\grid.cpp(79): warning C4244: 'initializing': conversion from 'double' to 'int', possible loss of data
c:\users\haiapple.com\desktop\menu\gamealaddincplusplus\aladdigamec\aladdigamec\grid.cpp(80): warning C4244: 'initializing': conversion from 'double' to 'int', possible loss of data
c:\users\haiapple.com\desktop\menu\gamealaddincplusplus\aladdigamec\aladdigamec\grid.cpp(81): warning C4244: 'initializing': conversion from 'double' to 'int', possible loss of data
c:\users\haiapple.com\desktop\menu\gamealaddincplusplus\aladdigamec\aladdigamec\grid.cpp(82): warning C4244: 'initializing': conversion from 'double' to 'int', possible loss of data
c:\users\haiapple.com\desktop\menu\gamealaddincplusplus\aladdigamec\aladdigamec\grid.cpp(103): warning C4244: '=': conversion from 'FLOAT' to 'int', possible loss of data
c:\users\haiapple.com\desktop\menu\gamealaddincplusplus\aladdigamec\aladdigamec\grid.cpp(104): warning C4244: '=': conversion from 'FLOAT' to 'int', possible loss of data
c:\users\haiapple.com\desktop\menu\gamealaddincplusplus\aladdigamec\aladdigamec\grid.cpp(105): warning C4244: '=': conversion from 'FLOAT' to 'int', possible loss of data
c:\users\haiapple.com\desktop\menu\gamealaddincplusplus\aladdigamec\aladdigamec\grid.cpp(106): warning C4244: '=': conversion from 'FLOAT' to 'int', possible loss of data
c:\users\haiapple.com\desktop\menu\gamealaddincplusplus\aladdigamec\aladdigamec\grid.cpp(159): warning C4244: 'initializing': conversion from 'double' to 'int', possible loss of data
c:\users\haiapple.com\desktop\menu\gamealaddincplusplus\aladdigamec\aladdigamec\grid.cpp(160): warning C4244: 'initializing': conversion from 'double' to 'int', possible loss of data
c:\users\haiapple.com\desktop\menu\gamealaddincplusplus\aladdigamec\aladdigamec\grid.cpp(161): warning C4244: 'initializing': conversion from 'double' to 'int', possible loss of data
c:\users\haiapple.com\desktop\menu\gamealaddincplusplus\aladdigamec\aladdigamec\grid.cpp(162): warning C4244: 'initializing': conversion from 'double' to 'int', possible loss of data
  Guard.cpp
  c:\program files (x86)\microsoft directx sdk (june 2010)\include\dinput.h: DIRECTINPUT_VERSION undefined. Defaulting to version 0x0800
  Generating Code...
c:\users\haiapple.com\desktop\menu\gamealaddincplusplus\aladdigamec\aladdigamec\game.cpp(74): warning C4715: 'Game::InitWindow': not all control paths return a value
  Compiling...
  HeadAla.cpp
  c:\program files (x86)\microsoft directx sdk (june 2010)\include\dinput.h: DIRECTINPUT_VERSION undefined. Defaulting to version 0x0800
  itemApple.cpp
  c:\program files (x86)\microsoft directx sdk (june 2010)\include\dinput.h: DIRECTINPUT_VERSION undefined. Defaulting to version 0x0800
c:\users\haiapple.com\desktop\menu\gamealaddincplusplus\aladdigamec\aladdigamec\itemapple.cpp(15): warning C4244: 'argument': conversion from 'int' to 'FLOAT', possible loss of data
  itemspend.cpp
  c:\program files (x86)\microsoft directx sdk (june 2010)\include\dinput.h: DIRECTINPUT_VERSION undefined. Defaulting to version 0x0800
c:\users\haiapple.com\desktop\menu\gamealaddincplusplus\aladdigamec\aladdigamec\itemspend.cpp(15): warning C4244: 'argument': conversion from 'int' to 'FLOAT', possible loss of data
  Keyboard.cpp
  c:\program files (x86)\microsoft directx sdk (june 2010)\include\dinput.h: DIRECTINPUT_VERSION undefined. Defaulting to version 0x0800
  Lamp.cpp
  c:\program files (x86)\microsoft directx sdk (june 2010)\include\dinput.h: DIRECTINPUT_VERSION undefined. Defaulting to version 0x0800
  Map.cpp
  c:\program files (x86)\microsoft directx sdk (june 2010)\include\dinput.h: DIRECTINPUT_VERSION undefined. Defaulting to version 0x0800
c:\users\haiapple.com\desktop\menu\gamealaddincplusplus\aladdigamec\aladdigamec\map.cpp(118): warning C4244: 'initializing': conversion from 'FLOAT' to 'int', possible loss of data
c:\users\haiapple.com\desktop\menu\gamealaddincplusplus\aladdigamec\aladdigamec\map.cpp(119): warning C4244: 'initializing': conversion from 'FLOAT' to 'int', possible loss of data
c:\users\haiapple.com\desktop\menu\gamealaddincplusplus\aladdigamec\aladdigamec\map.cpp(124): warning C4244: 'initializing': conversion from 'FLOAT' to 'int', possible loss of data
c:\users\haiapple.com\desktop\menu\gamealaddincplusplus\aladdigamec\aladdigamec\map.cpp(125): warning C4244: 'initializing': conversion from 'FLOAT' to 'int', possible loss of data
c:\users\haiapple.com\desktop\menu\gamealaddincplusplus\aladdigamec\aladdigamec\map.cpp(172): warning C4244: 'argument': conversion from 'int' to 'FLOAT', possible loss of data
c:\users\haiapple.com\desktop\menu\gamealaddincplusplus\aladdigamec\aladdigamec\map.cpp(234): warning C4244: 'argument': conversion from 'FLOAT' to 'int', possible loss of data
c:\users\haiapple.com\desktop\menu\gamealaddincplusplus\aladdigamec\aladdigamec\map.cpp(235): warning C4244: 'argument': conversion from 'FLOAT' to 'int', possible loss of data
c:\users\haiapple.com\desktop\menu\gamealaddincplusplus\aladdigamec\aladdigamec\map.cpp(236): warning C4244: 'argument': conversion from 'float' to 'int', possible loss of data
c:\users\haiapple.com\desktop\menu\gamealaddincplusplus\aladdigamec\aladdigamec\map.cpp(237): warning C4244: 'argument': conversion from 'float' to 'int', possible loss of data
  Map3D.cpp
  c:\program files (x86)\microsoft directx sdk (june 2010)\include\dinput.h: DIRECTINPUT_VERSION undefined. Defaulting to version 0x0800
c:\users\haiapple.com\desktop\menu\gamealaddincplusplus\aladdigamec\aladdigamec\map3d.cpp(122): warning C4244: 'initializing': conversion from 'FLOAT' to 'int', possible loss of data
c:\users\haiapple.com\desktop\menu\gamealaddincplusplus\aladdigamec\aladdigamec\map3d.cpp(123): warning C4244: 'initializing': conversion from 'FLOAT' to 'int', possible loss of data
c:\users\haiapple.com\desktop\menu\gamealaddincplusplus\aladdigamec\aladdigamec\map3d.cpp(128): warning C4244: 'initializing': conversion from 'FLOAT' to 'int', possible loss of data
c:\users\haiapple.com\desktop\menu\gamealaddincplusplus\aladdigamec\aladdigamec\map3d.cpp(129): warning C4244: 'initializing': conversion from 'FLOAT' to 'int', possible loss of data
c:\users\haiapple.com\desktop\menu\gamealaddincplusplus\aladdigamec\aladdigamec\map3d.cpp(138): warning C4244: 'initializing': conversion from 'FLOAT' to 'int', possible loss of data
c:\users\haiapple.com\desktop\menu\gamealaddincplusplus\aladdigamec\aladdigamec\map3d.cpp(139): warning C4244: 'initializing': conversion from 'FLOAT' to 'int', possible loss of data
  MapObject.cpp
c:\users\haiapple.com\desktop\menu\gamealaddincplusplus\aladdigamec\aladdigamec\mapobject.cpp(6): warning C4244: '=': conversion from 'float' to 'LONG', possible loss of data
c:\users\haiapple.com\desktop\menu\gamealaddincplusplus\aladdigamec\aladdigamec\mapobject.cpp(7): warning C4244: '=': conversion from 'float' to 'LONG', possible loss of data
c:\users\haiapple.com\desktop\menu\gamealaddincplusplus\aladdigamec\aladdigamec\mapobject.cpp(8): warning C4244: '=': conversion from 'float' to 'LONG', possible loss of data
c:\users\haiapple.com\desktop\menu\gamealaddincplusplus\aladdigamec\aladdigamec\mapobject.cpp(9): warning C4244: '=': conversion from 'float' to 'LONG', possible loss of data
  MapObjectGroup.cpp
c:\users\haiapple.com\desktop\menu\gamealaddincplusplus\aladdigamec\aladdigamec\mapobjectgroup.cpp(9): warning C4018: '<': signed/unsigned mismatch
  MenuGame.cpp
  c:\program files (x86)\microsoft directx sdk (june 2010)\include\dinput.h: DIRECTINPUT_VERSION undefined. Defaulting to version 0x0800
c:\users\haiapple.com\desktop\menu\gamealaddincplusplus\aladdigamec\aladdigamec\menugame.cpp(109): warning C4244: 'argument': conversion from 'int' to 'FLOAT', possible loss of data
c:\users\haiapple.com\desktop\menu\gamealaddincplusplus\aladdigamec\aladdigamec\menugame.cpp(112): warning C4244: 'argument': conversion from 'int' to 'FLOAT', possible loss of data
  Object.cpp
  c:\program files (x86)\microsoft directx sdk (june 2010)\include\dinput.h: DIRECTINPUT_VERSION undefined. Defaulting to version 0x0800
c:\users\haiapple.com\desktop\menu\gamealaddincplusplus\aladdigamec\aladdigamec\object.cpp(28): warning C4244: '=': conversion from 'FLOAT' to 'LONG', possible loss of data
c:\users\haiapple.com\desktop\menu\gamealaddincplusplus\aladdigamec\aladdigamec\object.cpp(29): warning C4244: '=': conversion from 'float' to 'LONG', possible loss of data
c:\users\haiapple.com\desktop\menu\gamealaddincplusplus\aladdigamec\aladdigamec\object.cpp(30): warning C4244: '=': conversion from 'FLOAT' to 'LONG', possible loss of data
c:\users\haiapple.com\desktop\menu\gamealaddincplusplus\aladdigamec\aladdigamec\object.cpp(31): warning C4244: '=': conversion from 'float' to 'LONG', possible loss of data
c:\users\haiapple.com\desktop\menu\gamealaddincplusplus\aladdigamec\aladdigamec\object.cpp(35): warning C4244: '=': conversion from 'FLOAT' to 'LONG', possible loss of data
c:\users\haiapple.com\desktop\menu\gamealaddincplusplus\aladdigamec\aladdigamec\object.cpp(36): warning C4244: '=': conversion from 'float' to 'LONG', possible loss of data
c:\users\haiapple.com\desktop\menu\gamealaddincplusplus\aladdigamec\aladdigamec\object.cpp(37): warning C4244: '=': conversion from 'FLOAT' to 'LONG', possible loss of data
c:\users\haiapple.com\desktop\menu\gamealaddincplusplus\aladdigamec\aladdigamec\object.cpp(38): warning C4244: '=': conversion from 'FLOAT' to 'LONG', possible loss of data
c:\users\haiapple.com\desktop\menu\gamealaddincplusplus\aladdigamec\aladdigamec\object.cpp(50): warning C4244: '=': conversion from 'FLOAT' to 'LONG', possible loss of data
c:\users\haiapple.com\desktop\menu\gamealaddincplusplus\aladdigamec\aladdigamec\object.cpp(51): warning C4244: '=': conversion from 'float' to 'LONG', possible loss of data
c:\users\haiapple.com\desktop\menu\gamealaddincplusplus\aladdigamec\aladdigamec\object.cpp(52): warning C4244: '=': conversion from 'FLOAT' to 'LONG', possible loss of data
c:\users\haiapple.com\desktop\menu\gamealaddincplusplus\aladdigamec\aladdigamec\object.cpp(53): warning C4244: '=': conversion from 'float' to 'LONG', possible loss of data
  ObjectManager.cpp
  c:\program files (x86)\microsoft directx sdk (june 2010)\include\dinput.h: DIRECTINPUT_VERSION undefined. Defaulting to version 0x0800
c:\users\haiapple.com\desktop\menu\gamealaddincplusplus\aladdigamec\aladdigamec\objectmanager.cpp(247): warning C4244: 'argument': conversion from 'float' to 'int', possible loss of data
c:\users\haiapple.com\desktop\menu\gamealaddincplusplus\aladdigamec\aladdigamec\objectmanager.cpp(255): warning C4244: 'argument': conversion from 'float' to 'int', possible loss of data
c:\users\haiapple.com\desktop\menu\gamealaddincplusplus\aladdigamec\aladdigamec\objectmanager.cpp(264): warning C4244: 'argument': conversion from 'float' to 'int', possible loss of data
c:\users\haiapple.com\desktop\menu\gamealaddincplusplus\aladdigamec\aladdigamec\objectmanager.cpp(273): warning C4244: 'argument': conversion from 'float' to 'int', possible loss of data
c:\users\haiapple.com\desktop\menu\gamealaddincplusplus\aladdigamec\aladdigamec\objectmanager.cpp(282): warning C4244: 'argument': conversion from 'float' to 'int', possible loss of data
c:\users\haiapple.com\desktop\menu\gamealaddincplusplus\aladdigamec\aladdigamec\objectmanager.cpp(291): warning C4244: 'argument': conversion from 'float' to 'int', possible loss of data
c:\users\haiapple.com\desktop\menu\gamealaddincplusplus\aladdigamec\aladdigamec\objectmanager.cpp(300): warning C4244: 'argument': conversion from 'float' to 'int', possible loss of data
c:\users\haiapple.com\desktop\menu\gamealaddincplusplus\aladdigamec\aladdigamec\objectmanager.cpp(309): warning C4244: 'argument': conversion from 'float' to 'int', possible loss of data
c:\users\haiapple.com\desktop\menu\gamealaddincplusplus\aladdigamec\aladdigamec\objectmanager.cpp(318): warning C4244: 'argument': conversion from 'float' to 'int', possible loss of data
c:\users\haiapple.com\desktop\menu\gamealaddincplusplus\aladdigamec\aladdigamec\objectmanager.cpp(327): warning C4244: 'argument': conversion from 'float' to 'int', possible loss of data
c:\users\haiapple.com\desktop\menu\gamealaddincplusplus\aladdigamec\aladdigamec\objectmanager.cpp(336): warning C4244: 'argument': conversion from 'float' to 'int', possible loss of data
c:\users\haiapple.com\desktop\menu\gamealaddincplusplus\aladdigamec\aladdigamec\objectmanager.cpp(345): warning C4244: 'argument': conversion from 'float' to 'int', possible loss of data
c:\users\haiapple.com\desktop\menu\gamealaddincplusplus\aladdigamec\aladdigamec\objectmanager.cpp(359): warning C4244: 'argument': conversion from 'float' to 'int', possible loss of data
c:\users\haiapple.com\desktop\menu\gamealaddincplusplus\aladdigamec\aladdigamec\objectmanager.cpp(372): warning C4244: 'argument': conversion from 'float' to 'int', possible loss of data
c:\users\haiapple.com\desktop\menu\gamealaddincplusplus\aladdigamec\aladdigamec\objectmanager.cpp(385): warning C4244: 'argument': conversion from 'float' to 'int', possible loss of data
  pendulum.cpp
  c:\program files (x86)\microsoft directx sdk (june 2010)\include\dinput.h: DIRECTINPUT_VERSION undefined. Defaulting to version 0x0800
c:\users\haiapple.com\desktop\menu\gamealaddincplusplus\aladdigamec\aladdigamec\pendulum.cpp(42): warning C4244: '=': conversion from 'FLOAT' to 'LONG', possible loss of data
c:\users\haiapple.com\desktop\menu\gamealaddincplusplus\aladdigamec\aladdigamec\pendulum.cpp(43): warning C4244: '=': conversion from 'float' to 'LONG', possible loss of data
c:\users\haiapple.com\desktop\menu\gamealaddincplusplus\aladdigamec\aladdigamec\pendulum.cpp(44): warning C4244: '=': conversion from 'FLOAT' to 'LONG', possible loss of data
c:\users\haiapple.com\desktop\menu\gamealaddincplusplus\aladdigamec\aladdigamec\pendulum.cpp(45): warning C4244: '=': conversion from 'float' to 'LONG', possible loss of data
  PointMap.cpp
  c:\program files (x86)\microsoft directx sdk (june 2010)\include\dinput.h: DIRECTINPUT_VERSION undefined. Defaulting to version 0x0800
c:\users\haiapple.com\desktop\menu\gamealaddincplusplus\aladdigamec\aladdigamec\pointmap.cpp(32): warning C4244: '=': conversion from 'int' to 'FLOAT', possible loss of data
  RodGuard.cpp
  c:\program files (x86)\microsoft directx sdk (june 2010)\include\dinput.h: DIRECTINPUT_VERSION undefined. Defaulting to version 0x0800
  SavePosition.cpp
  c:\program files (x86)\microsoft directx sdk (june 2010)\include\dinput.h: DIRECTINPUT_VERSION undefined. Defaulting to version 0x0800
  Scene.cpp
  c:\program files (x86)\microsoft directx sdk (june 2010)\include\dinput.h: DIRECTINPUT_VERSION undefined. Defaulting to version 0x0800
  SceneBoss.cpp
  c:\program files (x86)\microsoft directx sdk (june 2010)\include\dinput.h: DIRECTINPUT_VERSION undefined. Defaulting to version 0x0800
c:\users\haiapple.com\desktop\menu\gamealaddincplusplus\aladdigamec\aladdigamec\sceneboss.cpp(148): warning C4244: 'argument': conversion from 'float' to 'int', possible loss of data
c:\users\haiapple.com\desktop\menu\gamealaddincplusplus\aladdigamec\aladdigamec\sceneboss.cpp(161): warning C4244: 'argument': conversion from 'float' to 'int', possible loss of data
  Score.cpp
  c:\program files (x86)\microsoft directx sdk (june 2010)\include\dinput.h: DIRECTINPUT_VERSION undefined. Defaulting to version 0x0800
  Shop.cpp
  c:\program files (x86)\microsoft directx sdk (june 2010)\include\dinput.h: DIRECTINPUT_VERSION undefined. Defaulting to version 0x0800
  Generating Code...
  Compiling...
  Skeleton.cpp
  c:\program files (x86)\microsoft directx sdk (june 2010)\include\dinput.h: DIRECTINPUT_VERSION undefined. Defaulting to version 0x0800
  Sound.cpp
  SpendThese.cpp
  c:\program files (x86)\microsoft directx sdk (june 2010)\include\dinput.h: DIRECTINPUT_VERSION undefined. Defaulting to version 0x0800
  Sprite.cpp
  c:\program files (x86)\microsoft directx sdk (june 2010)\include\dinput.h: DIRECTINPUT_VERSION undefined. Defaulting to version 0x0800
c:\users\haiapple.com\desktop\menu\gamealaddincplusplus\aladdigamec\aladdigamec\sprite.cpp(54): warning C4244: 'return': conversion from 'LONG' to 'float', possible loss of data
c:\users\haiapple.com\desktop\menu\gamealaddincplusplus\aladdigamec\aladdigamec\sprite.cpp(58): warning C4244: 'return': conversion from 'LONG' to 'float', possible loss of data
  SpriteSheet.cpp
c:\users\haiapple.com\desktop\menu\gamealaddincplusplus\aladdigamec\aladdigamec\spritesheet.cpp(66): warning C4244: '=': conversion from 'float' to 'LONG', possible loss of data
c:\users\haiapple.com\desktop\menu\gamealaddincplusplus\aladdigamec\aladdigamec\spritesheet.cpp(67): warning C4244: '=': conversion from 'float' to 'LONG', possible loss of data
c:\users\haiapple.com\desktop\menu\gamealaddincplusplus\aladdigamec\aladdigamec\spritesheet.cpp(68): warning C4244: '=': conversion from 'float' to 'LONG', possible loss of data
c:\users\haiapple.com\desktop\menu\gamealaddincplusplus\aladdigamec\aladdigamec\spritesheet.cpp(69): warning C4244: '=': conversion from 'float' to 'LONG', possible loss of data
c:\users\haiapple.com\desktop\menu\gamealaddincplusplus\aladdigamec\aladdigamec\spritesheet.cpp(84): warning C4244: '=': conversion from 'double' to 'FLOAT', possible loss of data
c:\users\haiapple.com\desktop\menu\gamealaddincplusplus\aladdigamec\aladdigamec\spritesheet.cpp(85): warning C4244: '=': conversion from 'double' to 'FLOAT', possible loss of data
c:\users\haiapple.com\desktop\menu\gamealaddincplusplus\aladdigamec\aladdigamec\spritesheet.cpp(97): warning C4244: '=': conversion from 'double' to 'FLOAT', possible loss of data
c:\users\haiapple.com\desktop\menu\gamealaddincplusplus\aladdigamec\aladdigamec\spritesheet.cpp(98): warning C4244: '=': conversion from 'double' to 'FLOAT', possible loss of data
  Stage.cpp
  Star.cpp
  c:\program files (x86)\microsoft directx sdk (june 2010)\include\dinput.h: DIRECTINPUT_VERSION undefined. Defaulting to version 0x0800
  Text.cpp
  TileSet.cpp
  c:\program files (x86)\microsoft directx sdk (june 2010)\include\dinput.h: DIRECTINPUT_VERSION undefined. Defaulting to version 0x0800
  tinystr.cpp
  tinyxml.cpp
  tinyxmlerror.cpp
  tinyxmlparser.cpp
  Viewport.cpp
  c:\program files (x86)\microsoft directx sdk (june 2010)\include\dinput.h: DIRECTINPUT_VERSION undefined. Defaulting to version 0x0800
c:\users\haiapple.com\desktop\menu\gamealaddincplusplus\aladdigamec\aladdigamec\viewport.cpp(113): warning C4244: '=': conversion from 'FLOAT' to 'LONG', possible loss of data
c:\users\haiapple.com\desktop\menu\gamealaddincplusplus\aladdigamec\aladdigamec\viewport.cpp(114): warning C4244: '=': conversion from 'FLOAT' to 'LONG', possible loss of data
c:\users\haiapple.com\desktop\menu\gamealaddincplusplus\aladdigamec\aladdigamec\viewport.cpp(115): warning C4244: '=': conversion from 'float' to 'LONG', possible loss of data
c:\users\haiapple.com\desktop\menu\gamealaddincplusplus\aladdigamec\aladdigamec\viewport.cpp(116): warning C4244: '=': conversion from 'float' to 'LONG', possible loss of data
c:\users\haiapple.com\desktop\menu\gamealaddincplusplus\aladdigamec\aladdigamec\viewport.cpp(138): warning C4244: '=': conversion from 'int' to 'FLOAT', possible loss of data
c:\users\haiapple.com\desktop\menu\gamealaddincplusplus\aladdigamec\aladdigamec\viewport.cpp(145): warning C4244: '=': conversion from 'int' to 'FLOAT', possible loss of data
  WinMain.cpp
  c:\program files (x86)\microsoft directx sdk (june 2010)\include\dinput.h: DIRECTINPUT_VERSION undefined. Defaulting to version 0x0800
c:\users\haiapple.com\desktop\menu\gamealaddincplusplus\aladdigamec\aladdigamec\winmain.cpp(15): warning C4244: 'argument': conversion from 'const float' to 'int', possible loss of data
  Generating Code...
  AladdiGameC.vcxproj -> C:\Users\HaiApple.Com\Desktop\Menu\GameAladdinCPlusPlus\AladdiGameC\Debug\AladdiGameC.exe
