e:\aladin\aladdingamec\aladdigamec\aladdigamec\debug\vc142.pdb
e:\aladin\aladdingamec\aladdigamec\aladdigamec\debug\vc142.idb
e:\aladin\aladdingamec\aladdigamec\aladdigamec\debug\pendulum.obj
e:\aladin\aladdingamec\aladdigamec\aladdigamec\debug\objectmanager.obj
e:\aladin\aladdingamec\aladdigamec\aladdigamec\debug\object.obj
e:\aladin\aladdingamec\aladdigamec\aladdigamec\debug\mapobjectgroup.obj
e:\aladin\aladdingamec\aladdigamec\aladdigamec\debug\mapobject.obj
e:\aladin\aladdingamec\aladdigamec\aladdigamec\debug\map.obj
e:\aladin\aladdingamec\aladdigamec\aladdigamec\debug\keyboard.obj
e:\aladin\aladdingamec\aladdigamec\aladdigamec\debug\grid.obj
e:\aladin\aladdingamec\aladdigamec\aladdigamec\debug\graphic.obj
e:\aladin\aladdingamec\aladdigamec\aladdigamec\debug\game.obj
e:\aladin\aladdingamec\aladdigamec\aladdigamec\debug\dsutil.obj
e:\aladin\aladdingamec\aladdigamec\aladdigamec\debug\collision.obj
e:\aladin\aladdingamec\aladdigamec\aladdigamec\debug\cell.obj
e:\aladin\aladdingamec\aladdigamec\aladdigamec\debug\brick.obj
e:\aladin\aladdingamec\aladdigamec\aladdigamec\debug\bat.obj
e:\aladin\aladdingamec\aladdigamec\aladdigamec\debug\arrow.obj
e:\aladin\aladdingamec\aladdigamec\aladdigamec\debug\animation.obj
e:\aladin\aladdingamec\aladdigamec\aladdigamec\debug\aladinstate.obj
e:\aladin\aladdingamec\aladdigamec\aladdigamec\debug\aladdinanimation.obj
e:\aladin\aladdingamec\aladdigamec\aladdigamec\debug\aladdin.obj
e:\aladin\aladdingamec\aladdigamec\aladdigamec\debug\winmain.obj
e:\aladin\aladdingamec\aladdigamec\aladdigamec\debug\viewport.obj
e:\aladin\aladdingamec\aladdigamec\aladdigamec\debug\tinyxmlparser.obj
e:\aladin\aladdingamec\aladdigamec\aladdigamec\debug\tinyxmlerror.obj
e:\aladin\aladdingamec\aladdigamec\aladdigamec\debug\tinyxml.obj
e:\aladin\aladdingamec\aladdigamec\aladdigamec\debug\tinystr.obj
e:\aladin\aladdingamec\aladdigamec\aladdigamec\debug\tileset.obj
e:\aladin\aladdingamec\aladdigamec\aladdigamec\debug\text.obj
e:\aladin\aladdingamec\aladdigamec\aladdigamec\debug\stage.obj
e:\aladin\aladdingamec\aladdigamec\aladdigamec\debug\spritesheet.obj
e:\aladin\aladdingamec\aladdigamec\aladdigamec\debug\sprite.obj
e:\aladin\aladdingamec\aladdigamec\aladdigamec\debug\sound.obj
e:\aladin\aladdingamec\aladdigamec\aladdigamec\debug\scene.obj
e:\aladin\aladdingamec\aladdigamec\debug\aladdigamec.ilk
e:\aladin\aladdingamec\aladdigamec\debug\aladdigamec.exe
e:\aladin\aladdingamec\aladdigamec\debug\aladdigamec.pdb
e:\aladin\aladdingamec\aladdigamec\aladdigamec\debug\aladdigamec.tlog\cl.command.1.tlog
e:\aladin\aladdingamec\aladdigamec\aladdigamec\debug\aladdigamec.tlog\cl.read.1.tlog
e:\aladin\aladdingamec\aladdigamec\aladdigamec\debug\aladdigamec.tlog\cl.write.1.tlog
e:\aladin\aladdingamec\aladdigamec\aladdigamec\debug\aladdigamec.tlog\link.command.1.tlog
e:\aladin\aladdingamec\aladdigamec\aladdigamec\debug\aladdigamec.tlog\link.read.1.tlog
e:\aladin\aladdingamec\aladdigamec\aladdigamec\debug\aladdigamec.tlog\link.write.1.tlog
